2025-05-29T13:35:10.628-03:00  INFO 26772 --- [base] [restartedMain] scb.microsservico.base.Application       : Starting Application using Java 23.0.1 with PID 26772 (C:\Users\pabar\Desktop\ES2\microsservico\target\classes started by pabar in C:\Users\pabar\Desktop\ES2\microsservico)
2025-05-29T13:35:10.632-03:00  INFO 26772 --- [base] [restartedMain] scb.microsservico.base.Application       : No active profile set, falling back to 1 default profile: "default"
2025-05-29T13:35:10.714-03:00  INFO 26772 --- [base] [restartedMain] .e.DevToolsPropertyDefaultsPostProcessor : Devtools property defaults active! Set 'spring.devtools.add-properties' to 'false' to disable
2025-05-29T13:35:10.715-03:00  INFO 26772 --- [base] [restartedMain] .e.DevToolsPropertyDefaultsPostProcessor : For additional web related logging consider setting the 'logging.level.web' property to 'DEBUG'
2025-05-29T13:35:11.594-03:00  INFO 26772 --- [base] [restartedMain] .s.d.r.c.RepositoryConfigurationDelegate : Bootstrapping Spring Data JPA repositories in DEFAULT mode.
2025-05-29T13:35:11.627-03:00  INFO 26772 --- [base] [restartedMain] .s.d.r.c.RepositoryConfigurationDelegate : Finished Spring Data repository scanning in 14 ms. Found 0 JPA repository interfaces.
2025-05-29T13:35:12.379-03:00  INFO 26772 --- [base] [restartedMain] o.s.b.w.embedded.tomcat.TomcatWebServer  : Tomcat initialized with port 80 (http)
2025-05-29T13:35:12.402-03:00  INFO 26772 --- [base] [restartedMain] o.apache.catalina.core.StandardService   : Starting service [Tomcat]
2025-05-29T13:35:12.402-03:00  INFO 26772 --- [base] [restartedMain] o.apache.catalina.core.StandardEngine    : Starting Servlet engine: [Apache Tomcat/10.1.41]
2025-05-29T13:35:12.467-03:00  INFO 26772 --- [base] [restartedMain] o.a.c.c.C.[Tomcat].[localhost].[/]       : Initializing Spring embedded WebApplicationContext
2025-05-29T13:35:12.468-03:00  INFO 26772 --- [base] [restartedMain] w.s.c.ServletWebServerApplicationContext : Root WebApplicationContext: initialization completed in 1752 ms
2025-05-29T13:35:12.658-03:00  INFO 26772 --- [base] [restartedMain] o.hibernate.jpa.internal.util.LogHelper  : HHH000204: Processing PersistenceUnitInfo [name: default]
2025-05-29T13:35:12.724-03:00  INFO 26772 --- [base] [restartedMain] org.hibernate.Version                    : HHH000412: Hibernate ORM core version 6.6.15.Final
2025-05-29T13:35:12.779-03:00  INFO 26772 --- [base] [restartedMain] o.h.c.internal.RegionFactoryInitiator    : HHH000026: Second-level cache disabled
2025-05-29T13:35:13.163-03:00  INFO 26772 --- [base] [restartedMain] o.s.o.j.p.SpringPersistenceUnitInfo      : No LoadTimeWeaver setup: ignoring JPA class transformer
2025-05-29T13:35:13.200-03:00  INFO 26772 --- [base] [restartedMain] com.zaxxer.hikari.HikariDataSource       : HikariPool-1 - Starting...
2025-05-29T13:35:13.341-03:00  INFO 26772 --- [base] [restartedMain] com.zaxxer.hikari.pool.HikariPool        : HikariPool-1 - Added connection org.sqlite.jdbc4.JDBC4Connection@6a08d4a4
2025-05-29T13:35:13.343-03:00  INFO 26772 --- [base] [restartedMain] com.zaxxer.hikari.HikariDataSource       : HikariPool-1 - Start completed.
2025-05-29T13:35:13.388-03:00  INFO 26772 --- [base] [restartedMain] org.hibernate.orm.connections.pooling    : HHH10001005: Database info:
	Database JDBC URL [Connecting through datasource 'HikariDataSource (HikariPool-1)']
	Database driver: undefined/unknown
	Database version: 3.49.1
	Autocommit mode: undefined/unknown
	Isolation level: undefined/unknown
	Minimum pool size: undefined/unknown
	Maximum pool size: undefined/unknown
2025-05-29T13:35:13.758-03:00  INFO 26772 --- [base] [restartedMain] o.h.e.t.j.p.i.JtaPlatformInitiator       : HHH000489: No JTA platform available (set 'hibernate.transaction.jta.platform' to enable JTA platform integration)
2025-05-29T13:35:13.763-03:00  INFO 26772 --- [base] [restartedMain] j.LocalContainerEntityManagerFactoryBean : Initialized JPA EntityManagerFactory for persistence unit 'default'
2025-05-29T13:35:13.823-03:00  WARN 26772 --- [base] [restartedMain] JpaBaseConfiguration$JpaWebConfiguration : spring.jpa.open-in-view is enabled by default. Therefore, database queries may be performed during view rendering. Explicitly configure spring.jpa.open-in-view to disable this warning
2025-05-29T13:35:14.249-03:00  INFO 26772 --- [base] [restartedMain] o.s.b.d.a.OptionalLiveReloadServer       : LiveReload server is running on port 35729
2025-05-29T13:35:14.293-03:00  INFO 26772 --- [base] [restartedMain] o.s.b.w.embedded.tomcat.TomcatWebServer  : Tomcat started on port 80 (http) with context path '/'
2025-05-29T13:35:14.307-03:00  INFO 26772 --- [base] [restartedMain] scb.microsservico.base.Application       : Started Application in 4.301 seconds (process running for 4.754)
